<?xml version="1.0" encoding="UTF-8"?>
<!-- Generated by org.testng.reporters.JUnitXMLReporter -->
<testsuite hostname="Fatemas-MBP" ignored="0" name="Default test" tests="11" failures="0" timestamp="2021-09-26T22:29:30 EDT" time="51.758" errors="0">
  <testcase name="logoTest" time="1.151" classname="bcbs.Bcbs"/>
  <testcase name="clickontheSearchField" time="2.09" classname="bcbs.Bcbs"/>
  <testcase name="search" time="4.436" classname="bcbs.Bcbs"/>
  <testcase name="searchItemByclickingEnterButtonTest" time="3.18" classname="bcbs.Bcbs"/>
  <testcase name="actionPipeline" time="8.149" classname="bcbs.Bcbs"/>
  <testcase name="accessMyBenifit" time="3.156" classname="bcbs.Bcbs"/>
  <testcase name="navigate" time="12.806" classname="bcbs.Bcbs"/>
  <testcase name="get" time="6.983" classname="bcbs.Bcbs"/>
  <testcase name="isSelected" time="2.029" classname="bcbs.Bcbs"/>
  <testcase name="isenableLogoCheck" time="2.03" classname="bcbs.Bcbs"/>
  <testcase name="getTextInvestors" time="0.032" classname="bcbs.Bcbs"/>
</testsuite> <!-- Default test -->
